# JRE version: OpenJDK Runtime Environment (11.0.10) (build 11.0.10+0-b96-7249189)
# Java VM: OpenJDK 64-Bit Server VM (11.0.10+0-b96-7249189, mixed mode, tiered, compressed oops, g1 gc, linux-amd64)
Heap:
 garbage-first heap   total 467968K, used 302895K [0x0000000080000000, 0x0000000100000000)
  region size 1024K, 107 young (109568K), 7 survivors (7168K)
 Metaspace       used 180306K, capacity 186644K, committed 200012K, reserved 1222656K
  class space    used 21175K, capacity 23452K, committed 25984K, reserved 1048576K
GC Heap History (20 events):
Event: 23639.805 GC heap before
{Heap before GC invocations=323 (full 1):
 garbage-first heap   total 467968K, used 377791K [0x0000000080000000, 0x0000000100000000)
  region size 1024K, 177 young (181248K), 9 survivors (9216K)
 Metaspace       used 179381K, capacity 185539K, committed 200012K, reserved 1222656K
  class space    used 21178K, capacity 23466K, committed 25984K, reserved 1048576K
}
Event: 23639.813 GC heap after
{Heap after GC invocations=324 (full 1):
 garbage-first heap   total 467968K, used 208822K [0x0000000080000000, 0x0000000100000000)
  region size 1024K, 12 young (12288K), 12 survivors (12288K)
 Metaspace       used 179381K, capacity 185539K, committed 200012K, reserved 1222656K
  class space    used 21178K, capacity 23466K, committed 25984K, reserved 1048576K
}
Event: 23640.100 GC heap before
{Heap before GC invocations=324 (full 1):
 garbage-first heap   total 467968K, used 380854K [0x0000000080000000, 0x0000000100000000)
  region size 1024K, 181 young (185344K), 12 survivors (12288K)
 Metaspace       used 179337K, capacity 185401K, committed 200012K, reserved 1222656K
  class space    used 21163K, capacity 23421K, committed 25984K, reserved 1048576K
}
Event: 23640.115 GC heap after
{Heap after GC invocations=325 (full 1):
 garbage-first heap   total 467968K, used 207425K [0x0000000080000000, 0x0000000100000000)
  region size 1024K, 11 young (11264K), 11 survivors (11264K)
 Metaspace       used 179337K, capacity 185401K, committed 200012K, reserved 1222656K
  class space    used 21163K, capacity 23421K, committed 25984K, reserved 1048576K
}
Event: 23642.163 GC heap before
{Heap before GC invocations=326 (full 1):
 garbage-first heap   total 467968K, used 385601K [0x0000000080000000, 0x0000000100000000)
  region size 1024K, 186 young (190464K), 11 survivors (11264K)
 Metaspace       used 179638K, capacity 185642K, committed 200012K, reserved 1222656K
  class space    used 21202K, capacity 23473K, committed 25984K, reserved 1048576K
}
Event: 23642.193 GC heap after
{Heap after GC invocations=327 (full 1):
 garbage-first heap   total 467968K, used 202048K [0x0000000080000000, 0x0000000100000000)
  region size 1024K, 9 young (9216K), 9 survivors (9216K)
 Metaspace       used 179638K, capacity 185642K, committed 200012K, reserved 1222656K
  class space    used 21202K, capacity 23473K, committed 25984K, reserved 1048576K
}
Event: 23642.850 GC heap before
{Heap before GC invocations=327 (full 1):
 garbage-first heap   total 467968K, used 236864K [0x0000000080000000, 0x0000000100000000)
  region size 1024K, 44 young (45056K), 9 survivors (9216K)
 Metaspace       used 180069K, capacity 186287K, committed 200012K, reserved 1222656K
  class space    used 21275K, capacity 23608K, committed 25984K, reserved 1048576K
}
Event: 23642.883 GC heap after
{Heap after GC invocations=328 (full 1):
 garbage-first heap   total 467968K, used 203715K [0x0000000080000000, 0x0000000100000000)
  region size 1024K, 11 young (11264K), 11 survivors (11264K)
 Metaspace       used 180069K, capacity 186287K, committed 200012K, reserved 1222656K
  class space    used 21275K, capacity 23608K, committed 25984K, reserved 1048576K
}
Event: 23685.829 GC heap before
{Heap before GC invocations=329 (full 1):
 garbage-first heap   total 467968K, used 336835K [0x0000000080000000, 0x0000000100000000)
  region size 1024K, 152 young (155648K), 11 survivors (11264K)
 Metaspace       used 180702K, capacity 187342K, committed 200012K, reserved 1222656K
  class space    used 21371K, capacity 23824K, committed 25984K, reserved 1048576K
}
Event: 23685.866 GC heap after
{Heap after GC invocations=330 (full 1):
 garbage-first heap   total 467968K, used 201532K [0x0000000080000000, 0x0000000100000000)
  region size 1024K, 19 young (19456K), 19 survivors (19456K)
 Metaspace       used 180702K, capacity 187342K, committed 200012K, reserved 1222656K
  class space    used 21371K, capacity 23824K, committed 25984K, reserved 1048576K
}
Event: 23685.881 GC heap before
{Heap before GC invocations=330 (full 1):
 garbage-first heap   total 467968K, used 203580K [0x0000000080000000, 0x0000000100000000)
  region size 1024K, 22 young (22528K), 19 survivors (19456K)
 Metaspace       used 180702K, capacity 187342K, committed 200012K, reserved 1222656K
  class space    used 21371K, capacity 23824K, committed 25984K, reserved 1048576K
}
Event: 23685.905 GC heap after
{Heap after GC invocations=331 (full 1):
 garbage-first heap   total 467968K, used 200541K [0x0000000080000000, 0x0000000100000000)
  region size 1024K, 3 young (3072K), 3 survivors (3072K)
 Metaspace       used 180702K, capacity 187342K, committed 200012K, reserved 1222656K
  class space    used 21371K, capacity 23824K, committed 25984K, reserved 1048576K
}
Event: 23690.111 GC heap before
{Heap before GC invocations=331 (full 1):
 garbage-first heap   total 467968K, used 293725K [0x0000000080000000, 0x0000000100000000)
  region size 1024K, 95 young (97280K), 3 survivors (3072K)
 Metaspace       used 180791K, capacity 187547K, committed 200012K, reserved 1222656K
  class space    used 21383K, capacity 23846K, committed 25984K, reserved 1048576K
}
Event: 23690.152 GC heap after
{Heap after GC invocations=332 (full 1):
 garbage-first heap   total 467968K, used 205838K [0x0000000080000000, 0x0000000100000000)
  region size 1024K, 8 young (8192K), 8 survivors (8192K)
 Metaspace       used 180791K, capacity 187547K, committed 200012K, reserved 1222656K
  class space    used 21383K, capacity 23846K, committed 25984K, reserved 1048576K
}
Event: 25105.637 GC heap before
{Heap before GC invocations=333 (full 1):
 garbage-first heap   total 467968K, used 360462K [0x0000000080000000, 0x0000000100000000)
  region size 1024K, 157 young (160768K), 8 survivors (8192K)
 Metaspace       used 179969K, capacity 186221K, committed 200012K, reserved 1222656K
  class space    used 21159K, capacity 23425K, committed 25984K, reserved 1048576K
}
Event: 25105.739 GC heap after
{Heap after GC invocations=334 (full 1):
 garbage-first heap   total 467968K, used 216594K [0x0000000080000000, 0x0000000100000000)
  region size 1024K, 20 young (20480K), 20 survivors (20480K)
 Metaspace       used 179969K, capacity 186221K, committed 200012K, reserved 1222656K
  class space    used 21159K, capacity 23425K, committed 25984K, reserved 1048576K
}
Event: 25105.762 GC heap before
{Heap before GC invocations=334 (full 1):
 garbage-first heap   total 467968K, used 218642K [0x0000000080000000, 0x0000000100000000)
  region size 1024K, 22 young (22528K), 20 survivors (20480K)
 Metaspace       used 179969K, capacity 186221K, committed 200012K, reserved 1222656K
  class space    used 21159K, capacity 23425K, committed 25984K, reserved 1048576K
}
Event: 25105.824 GC heap after
{Heap after GC invocations=335 (full 1):
 garbage-first heap   total 467968K, used 196598K [0x0000000080000000, 0x0000000100000000)
  region size 1024K, 3 young (3072K), 3 survivors (3072K)
 Metaspace       used 179969K, capacity 186221K, committed 200012K, reserved 1222656K
  class space    used 21159K, capacity 23425K, committed 25984K, reserved 1048576K
}
Event: 25108.995 GC heap before
{Heap before GC invocations=335 (full 1):
 garbage-first heap   total 467968K, used 263158K [0x0000000080000000, 0x0000000100000000)
  region size 1024K, 70 young (71680K), 3 survivors (3072K)
 Metaspace       used 180296K, capacity 186632K, committed 200012K, reserved 1222656K
  class space    used 21173K, capacity 23448K, committed 25984K, reserved 1048576K
}
Event: 25109.021 GC heap after
{Heap after GC invocations=336 (full 1):
 garbage-first heap   total 467968K, used 200495K [0x0000000080000000, 0x0000000100000000)
  region size 1024K, 7 young (7168K), 7 survivors (7168K)
 Metaspace       used 180296K, capacity 186632K, committed 200012K, reserved 1222656K
  class space    used 21173K, capacity 23448K, committed 25984K, reserved 1048576K
}

